0 info it worked if it ends with ok
1 verbose cli [ '/usr/bin/node', '/usr/bin/npm', 'start' ]
2 info using npm@6.14.12
3 info using node@v12.22.1
4 verbose run-script [ 'prestart', 'start', 'poststart' ]
5 info lifecycle Foodomaa@2.7.2-BUILD-01~prestart: Foodomaa@2.7.2-BUILD-01
6 info lifecycle Foodomaa@2.7.2-BUILD-01~start: Foodomaa@2.7.2-BUILD-01
7 verbose lifecycle Foodomaa@2.7.2-BUILD-01~start: unsafe-perm in lifecycle true
8 verbose lifecycle Foodomaa@2.7.2-BUILD-01~start: PATH: /usr/lib/node_modules/npm/node_modules/npm-lifecycle/node-gyp-bin:/home/foodomaa.majika.jp/public_html/node_modules/.bin:/usr/local/sbin:/usr/local/bin:/usr/sbin:/usr/bin:/sbin:/bin:/usr/games:/usr/local/games:/snap/bin:/usr/local/lsws/lsphp73/bin
9 verbose lifecycle Foodomaa@2.7.2-BUILD-01~start: CWD: /home/foodomaa.majika.jp/public_html
10 silly lifecycle Foodomaa@2.7.2-BUILD-01~start: Args: [
10 silly lifecycle   '-c',
10 silly lifecycle   'react-scripts start && cra-append-sw --mode dev ./custom-sw.js'
10 silly lifecycle ]
11 silly lifecycle Foodomaa@2.7.2-BUILD-01~start: Returned: code: 1  signal: null
12 info lifecycle Foodomaa@2.7.2-BUILD-01~start: Failed to exec start script
13 verbose stack Error: Foodomaa@2.7.2-BUILD-01 start: `react-scripts start && cra-append-sw --mode dev ./custom-sw.js`
13 verbose stack Exit status 1
13 verbose stack     at EventEmitter.<anonymous> (/usr/lib/node_modules/npm/node_modules/npm-lifecycle/index.js:332:16)
13 verbose stack     at EventEmitter.emit (events.js:314:20)
13 verbose stack     at ChildProcess.<anonymous> (/usr/lib/node_modules/npm/node_modules/npm-lifecycle/lib/spawn.js:55:14)
13 verbose stack     at ChildProcess.emit (events.js:314:20)
13 verbose stack     at maybeClose (internal/child_process.js:1022:16)
13 verbose stack     at Process.ChildProcess._handle.onexit (internal/child_process.js:287:5)
14 verbose pkgid Foodomaa@2.7.2-BUILD-01
15 verbose cwd /home/foodomaa.majika.jp/public_html
16 verbose Linux 5.4.0-74-generic
17 verbose argv "/usr/bin/node" "/usr/bin/npm" "start"
18 verbose node v12.22.1
19 verbose npm  v6.14.12
20 error code ELIFECYCLE
21 error errno 1
22 error Foodomaa@2.7.2-BUILD-01 start: `react-scripts start && cra-append-sw --mode dev ./custom-sw.js`
22 error Exit status 1
23 error Failed at the Foodomaa@2.7.2-BUILD-01 start script.
23 error This is probably not a problem with npm. There is likely additional logging output above.
24 verbose exit [ 1, true ]
